<?xml version="1.0" encoding="UTF-8"?>
<!-- Generated by org.testng.reporters.JUnitReportReporter -->
<testsuite hostname="MSI" name="com.food.AppTest" tests="1" failures="0" timestamp="9 Jun 2021 13:33:13 GMT" time="0.031" errors="0">
  <testcase name="testApp" time="0.031" classname="com.food.AppTest"/>
</testsuite>
