<?xml version="1.0" encoding="UTF-8"?>
<!-- Generated by org.testng.reporters.JUnitReportReporter -->
<testsuite hostname="MSI" failures="0" tests="2" name="com.config.test.RegistrationTest" time="2.944" errors="0" timestamp="16 May 2021 09:13:53 GMT">
  <testcase classname="com.config.test.RegistrationTest" name="Test1" time="0.095"/>
  <testcase classname="com.config.test.RegistrationTest" name="Test2" time="2.849"/>
</testsuite>
